{"/home/runner/work/mcp/mcp/packages/mcp/src/index.ts": {"path":"/home/runner/work/mcp/mcp/packages/mcp/src/index.ts","all":true,"statementMap":{"0":{"start":{"line":1,"column":0},"end":{"line":1,"column":33}},"1":{"start":{"line":2,"column":0},"end":{"line":2,"column":65}},"2":{"start":{"line":3,"column":0},"end":{"line":3,"column":53}},"3":{"start":{"line":4,"column":0},"end":{"line":4,"column":64}},"4":{"start":{"line":5,"column":0},"end":{"line":5,"column":74}},"5":{"start":{"line":6,"column":0},"end":{"line":6,"column":90}},"18":{"start":{"line":19,"column":0},"end":{"line":19,"column":48}},"19":{"start":{"line":20,"column":0},"end":{"line":20,"column":42}},"20":{"start":{"line":21,"column":0},"end":{"line":21,"column":24}},"21":{"start":{"line":22,"column":0},"end":{"line":22,"column":48}},"22":{"start":{"line":23,"column":0},"end":{"line":23,"column":30}},"23":{"start":{"line":24,"column":0},"end":{"line":24,"column":3}},"26":{"start":{"line":27,"column":0},"end":{"line":27,"column":26}},"27":{"start":{"line":28,"column":0},"end":{"line":28,"column":32}},"28":{"start":{"line":29,"column":0},"end":{"line":29,"column":40}},"29":{"start":{"line":30,"column":0},"end":{"line":30,"column":4}},"30":{"start":{"line":31,"column":0},"end":{"line":31,"column":3}},"31":{"start":{"line":32,"column":0},"end":{"line":32,"column":11}},"32":{"start":{"line":33,"column":0},"end":{"line":33,"column":18}},"33":{"start":{"line":34,"column":0},"end":{"line":34,"column":33}},"34":{"start":{"line":35,"column":0},"end":{"line":35,"column":5}},"35":{"start":{"line":36,"column":0},"end":{"line":36,"column":4}},"36":{"start":{"line":37,"column":0},"end":{"line":37,"column":35}},"38":{"start":{"line":39,"column":0},"end":{"line":39,"column":40}},"39":{"start":{"line":40,"column":0},"end":{"line":40,"column":48}},"41":{"start":{"line":42,"column":0},"end":{"line":42,"column":61}},"43":{"start":{"line":44,"column":0},"end":{"line":44,"column":34}},"44":{"start":{"line":45,"column":0},"end":{"line":45,"column":51}},"46":{"start":{"line":47,"column":0},"end":{"line":47,"column":50}},"47":{"start":{"line":48,"column":0},"end":{"line":48,"column":15}},"48":{"start":{"line":49,"column":0},"end":{"line":49,"column":2}}},"s":{"0":0,"1":0,"2":0,"3":0,"4":0,"5":0,"18":0,"19":0,"20":0,"21":0,"22":0,"23":0,"26":0,"27":0,"28":0,"29":0,"30":0,"31":0,"32":0,"33":0,"34":0,"35":0,"36":0,"38":0,"39":0,"41":0,"43":0,"44":0,"46":0,"47":0,"48":0},"branchMap":{"0":{"type":"branch","line":1,"loc":{"start":{"line":1,"column":1636},"end":{"line":49,"column":2}},"locations":[{"start":{"line":1,"column":1636},"end":{"line":49,"column":2}}]}},"b":{"0":[0]},"fnMap":{"0":{"name":"(empty-report)","decl":{"start":{"line":1,"column":1636},"end":{"line":49,"column":2}},"loc":{"start":{"line":1,"column":1636},"end":{"line":49,"column":2}},"line":1}},"f":{"0":0}}
,"/home/runner/work/mcp/mcp/packages/mcp/src/types.ts": {"path":"/home/runner/work/mcp/mcp/packages/mcp/src/types.ts","all":false,"statementMap":{"0":{"start":{"line":1,"column":0},"end":{"line":1,"column":29}},"13":{"start":{"line":14,"column":0},"end":{"line":14,"column":27}},"14":{"start":{"line":15,"column":0},"end":{"line":15,"column":17}},"15":{"start":{"line":16,"column":0},"end":{"line":16,"column":65}},"16":{"start":{"line":17,"column":0},"end":{"line":17,"column":3}},"18":{"start":{"line":19,"column":0},"end":{"line":19,"column":31}},"19":{"start":{"line":20,"column":0},"end":{"line":20,"column":18}},"20":{"start":{"line":21,"column":0},"end":{"line":21,"column":42}},"21":{"start":{"line":22,"column":0},"end":{"line":22,"column":37}},"22":{"start":{"line":23,"column":0},"end":{"line":23,"column":47}},"23":{"start":{"line":24,"column":0},"end":{"line":24,"column":3}},"25":{"start":{"line":26,"column":0},"end":{"line":26,"column":26}},"26":{"start":{"line":27,"column":0},"end":{"line":27,"column":25}},"27":{"start":{"line":28,"column":0},"end":{"line":28,"column":21}},"28":{"start":{"line":29,"column":0},"end":{"line":29,"column":3}},"30":{"start":{"line":31,"column":0},"end":{"line":31,"column":43}},"31":{"start":{"line":32,"column":0},"end":{"line":32,"column":25}},"32":{"start":{"line":33,"column":0},"end":{"line":33,"column":16}},"33":{"start":{"line":34,"column":0},"end":{"line":34,"column":38}},"34":{"start":{"line":35,"column":0},"end":{"line":35,"column":45}},"35":{"start":{"line":36,"column":0},"end":{"line":36,"column":33}},"36":{"start":{"line":37,"column":0},"end":{"line":37,"column":3}},"39":{"start":{"line":40,"column":0},"end":{"line":40,"column":46}},"40":{"start":{"line":41,"column":0},"end":{"line":41,"column":15}},"41":{"start":{"line":42,"column":0},"end":{"line":42,"column":53}},"42":{"start":{"line":43,"column":0},"end":{"line":43,"column":3}}},"s":{"0":1,"13":1,"14":1,"15":1,"16":1,"18":1,"19":1,"20":1,"21":1,"22":1,"23":1,"25":1,"26":1,"27":1,"28":1,"30":1,"31":1,"32":1,"33":1,"34":1,"35":1,"36":1,"39":1,"40":1,"41":1,"42":1},"branchMap":{},"b":{},"fnMap":{},"f":{}}
,"/home/runner/work/mcp/mcp/packages/mcp/src/tools/get-component-documentation.ts": {"path":"/home/runner/work/mcp/mcp/packages/mcp/src/tools/get-component-documentation.ts","all":false,"statementMap":{"0":{"start":{"line":1,"column":0},"end":{"line":1,"column":29}},"3":{"start":{"line":4,"column":0},"end":{"line":4,"column":78}},"4":{"start":{"line":5,"column":0},"end":{"line":5,"column":70}},"6":{"start":{"line":7,"column":0},"end":{"line":7,"column":59}},"8":{"start":{"line":9,"column":0},"end":{"line":9,"column":49}},"9":{"start":{"line":10,"column":0},"end":{"line":10,"column":22}},"10":{"start":{"line":11,"column":0},"end":{"line":11,"column":22}},"11":{"start":{"line":12,"column":0},"end":{"line":12,"column":58}},"12":{"start":{"line":13,"column":0},"end":{"line":13,"column":3}},"13":{"start":{"line":14,"column":0},"end":{"line":14,"column":3}},"19":{"start":{"line":20,"column":0},"end":{"line":20,"column":55}},"20":{"start":{"line":21,"column":0},"end":{"line":21,"column":42}},"21":{"start":{"line":22,"column":0},"end":{"line":22,"column":3}},"22":{"start":{"line":23,"column":0},"end":{"line":23,"column":13}},"23":{"start":{"line":24,"column":0},"end":{"line":24,"column":3}},"24":{"start":{"line":25,"column":0},"end":{"line":25,"column":23}},"25":{"start":{"line":26,"column":0},"end":{"line":26,"column":45}},"26":{"start":{"line":27,"column":0},"end":{"line":27,"column":72}},"27":{"start":{"line":28,"column":0},"end":{"line":28,"column":42}},"28":{"start":{"line":29,"column":0},"end":{"line":29,"column":4}},"29":{"start":{"line":30,"column":0},"end":{"line":30,"column":52}},"30":{"start":{"line":31,"column":0},"end":{"line":31,"column":8}},"31":{"start":{"line":32,"column":0},"end":{"line":32,"column":68}},"33":{"start":{"line":34,"column":0},"end":{"line":34,"column":23}},"34":{"start":{"line":35,"column":0},"end":{"line":35,"column":37}},"36":{"start":{"line":37,"column":0},"end":{"line":37,"column":51}},"37":{"start":{"line":38,"column":0},"end":{"line":38,"column":56}},"39":{"start":{"line":40,"column":0},"end":{"line":40,"column":22}},"40":{"start":{"line":41,"column":0},"end":{"line":41,"column":36}},"41":{"start":{"line":42,"column":0},"end":{"line":42,"column":15}},"42":{"start":{"line":43,"column":0},"end":{"line":43,"column":6}},"44":{"start":{"line":45,"column":0},"end":{"line":45,"column":19}},"45":{"start":{"line":46,"column":0},"end":{"line":46,"column":28}},"46":{"start":{"line":47,"column":0},"end":{"line":47,"column":47}},"47":{"start":{"line":48,"column":0},"end":{"line":48,"column":8}},"48":{"start":{"line":49,"column":0},"end":{"line":49,"column":5}},"50":{"start":{"line":51,"column":0},"end":{"line":51,"column":73}},"51":{"start":{"line":52,"column":0},"end":{"line":52,"column":33}},"52":{"start":{"line":53,"column":0},"end":{"line":53,"column":26}},"53":{"start":{"line":54,"column":0},"end":{"line":54,"column":58}},"54":{"start":{"line":55,"column":0},"end":{"line":55,"column":56}},"55":{"start":{"line":56,"column":0},"end":{"line":56,"column":19}},"56":{"start":{"line":57,"column":0},"end":{"line":57,"column":28}},"57":{"start":{"line":58,"column":0},"end":{"line":58,"column":81}},"58":{"start":{"line":59,"column":0},"end":{"line":59,"column":8}},"59":{"start":{"line":60,"column":0},"end":{"line":60,"column":5}},"61":{"start":{"line":62,"column":0},"end":{"line":62,"column":12}},"62":{"start":{"line":63,"column":0},"end":{"line":63,"column":13}},"63":{"start":{"line":64,"column":0},"end":{"line":64,"column":43}},"64":{"start":{"line":65,"column":0},"end":{"line":65,"column":6}},"65":{"start":{"line":66,"column":0},"end":{"line":66,"column":20}},"66":{"start":{"line":67,"column":0},"end":{"line":67,"column":36}},"67":{"start":{"line":68,"column":0},"end":{"line":68,"column":4}},"68":{"start":{"line":69,"column":0},"end":{"line":69,"column":4}},"69":{"start":{"line":70,"column":0},"end":{"line":70,"column":3}},"70":{"start":{"line":71,"column":0},"end":{"line":71,"column":1}}},"s":{"0":1,"3":1,"4":1,"6":1,"8":1,"9":1,"10":1,"11":1,"12":1,"13":1,"19":5,"20":5,"21":5,"22":5,"23":5,"24":5,"25":5,"26":5,"27":5,"28":5,"29":5,"30":5,"31":5,"33":4,"34":4,"36":5,"37":8,"39":8,"40":2,"41":2,"42":2,"44":6,"45":6,"46":6,"47":6,"48":6,"50":4,"51":5,"52":2,"53":2,"54":2,"55":2,"56":2,"57":2,"58":2,"59":2,"61":4,"62":4,"63":5,"64":5,"65":5,"66":1,"67":1,"68":5,"69":5,"70":5},"branchMap":{"0":{"type":"branch","line":20,"loc":{"start":{"line":20,"column":0},"end":{"line":71,"column":1}},"locations":[{"start":{"line":20,"column":0},"end":{"line":71,"column":1}}]},"1":{"type":"branch","line":30,"loc":{"start":{"line":30,"column":2},"end":{"line":69,"column":4}},"locations":[{"start":{"line":30,"column":2},"end":{"line":69,"column":4}}]},"2":{"type":"branch","line":32,"loc":{"start":{"line":32,"column":52},"end":{"line":32,"column":66}},"locations":[{"start":{"line":32,"column":52},"end":{"line":32,"column":66}}]},"3":{"type":"branch","line":32,"loc":{"start":{"line":32,"column":66},"end":{"line":37,"column":50}},"locations":[{"start":{"line":32,"column":66},"end":{"line":37,"column":50}}]},"4":{"type":"branch","line":37,"loc":{"start":{"line":37,"column":50},"end":{"line":49,"column":5}},"locations":[{"start":{"line":37,"column":50},"end":{"line":49,"column":5}}]},"5":{"type":"branch","line":40,"loc":{"start":{"line":40,"column":21},"end":{"line":43,"column":6}},"locations":[{"start":{"line":40,"column":21},"end":{"line":43,"column":6}}]},"6":{"type":"branch","line":43,"loc":{"start":{"line":43,"column":5},"end":{"line":49,"column":5}},"locations":[{"start":{"line":43,"column":5},"end":{"line":49,"column":5}}]},"7":{"type":"branch","line":49,"loc":{"start":{"line":49,"column":4},"end":{"line":52,"column":32}},"locations":[{"start":{"line":49,"column":4},"end":{"line":52,"column":32}}]},"8":{"type":"branch","line":52,"loc":{"start":{"line":52,"column":32},"end":{"line":60,"column":5}},"locations":[{"start":{"line":52,"column":32},"end":{"line":60,"column":5}}]},"9":{"type":"branch","line":54,"loc":{"start":{"line":54,"column":27},"end":{"line":54,"column":46}},"locations":[{"start":{"line":54,"column":27},"end":{"line":54,"column":46}}]},"10":{"type":"branch","line":55,"loc":{"start":{"line":55,"column":22},"end":{"line":55,"column":46}},"locations":[{"start":{"line":55,"column":22},"end":{"line":55,"column":46}}]},"11":{"type":"branch","line":55,"loc":{"start":{"line":55,"column":36},"end":{"line":55,"column":56}},"locations":[{"start":{"line":55,"column":36},"end":{"line":55,"column":56}}]},"12":{"type":"branch","line":60,"loc":{"start":{"line":60,"column":4},"end":{"line":64,"column":24}},"locations":[{"start":{"line":60,"column":4},"end":{"line":64,"column":24}}]},"13":{"type":"branch","line":64,"loc":{"start":{"line":64,"column":9},"end":{"line":64,"column":43}},"locations":[{"start":{"line":64,"column":9},"end":{"line":64,"column":43}}]},"14":{"type":"branch","line":66,"loc":{"start":{"line":66,"column":3},"end":{"line":68,"column":4}},"locations":[{"start":{"line":66,"column":3},"end":{"line":68,"column":4}}]}},"b":{"0":[5],"1":[5],"2":[0],"3":[4],"4":[8],"5":[2],"6":[6],"7":[4],"8":[2],"9":[0],"10":[1],"11":[1],"12":[4],"13":[1],"14":[1]},"fnMap":{"0":{"name":"addGetComponentDocumentationTool","decl":{"start":{"line":20,"column":0},"end":{"line":71,"column":1}},"loc":{"start":{"line":20,"column":0},"end":{"line":71,"column":1}},"line":20}},"f":{"0":5}}
,"/home/runner/work/mcp/mcp/packages/mcp/src/tools/list-all-components.ts": {"path":"/home/runner/work/mcp/mcp/packages/mcp/src/tools/list-all-components.ts","all":false,"statementMap":{"2":{"start":{"line":3,"column":0},"end":{"line":3,"column":78}},"3":{"start":{"line":4,"column":0},"end":{"line":4,"column":79}},"5":{"start":{"line":6,"column":0},"end":{"line":6,"column":52}},"7":{"start":{"line":8,"column":0},"end":{"line":8,"column":47}},"8":{"start":{"line":9,"column":0},"end":{"line":9,"column":42}},"9":{"start":{"line":10,"column":0},"end":{"line":10,"column":3}},"10":{"start":{"line":11,"column":0},"end":{"line":11,"column":13}},"11":{"start":{"line":12,"column":0},"end":{"line":12,"column":3}},"12":{"start":{"line":13,"column":0},"end":{"line":13,"column":24}},"13":{"start":{"line":14,"column":0},"end":{"line":14,"column":32}},"14":{"start":{"line":15,"column":0},"end":{"line":15,"column":15}},"15":{"start":{"line":16,"column":0},"end":{"line":16,"column":66}},"16":{"start":{"line":17,"column":0},"end":{"line":17,"column":4}},"17":{"start":{"line":18,"column":0},"end":{"line":18,"column":15}},"18":{"start":{"line":19,"column":0},"end":{"line":19,"column":8}},"19":{"start":{"line":20,"column":0},"end":{"line":20,"column":68}},"21":{"start":{"line":22,"column":0},"end":{"line":22,"column":69}},"22":{"start":{"line":23,"column":0},"end":{"line":23,"column":12}},"23":{"start":{"line":24,"column":0},"end":{"line":24,"column":15}},"24":{"start":{"line":25,"column":0},"end":{"line":25,"column":7}},"25":{"start":{"line":26,"column":0},"end":{"line":26,"column":20}},"26":{"start":{"line":27,"column":0},"end":{"line":27,"column":27}},"27":{"start":{"line":28,"column":0},"end":{"line":28,"column":8}},"28":{"start":{"line":29,"column":0},"end":{"line":29,"column":7}},"29":{"start":{"line":30,"column":0},"end":{"line":30,"column":6}},"30":{"start":{"line":31,"column":0},"end":{"line":31,"column":20}},"31":{"start":{"line":32,"column":0},"end":{"line":32,"column":36}},"32":{"start":{"line":33,"column":0},"end":{"line":33,"column":4}},"33":{"start":{"line":34,"column":0},"end":{"line":34,"column":4}},"34":{"start":{"line":35,"column":0},"end":{"line":35,"column":3}},"35":{"start":{"line":36,"column":0},"end":{"line":36,"column":1}}},"s":{"2":1,"3":1,"5":1,"7":3,"8":3,"9":3,"10":3,"11":3,"12":3,"13":3,"14":3,"15":3,"16":3,"17":3,"18":3,"19":3,"21":1,"22":1,"23":1,"24":1,"25":1,"26":1,"27":1,"28":1,"29":1,"30":3,"31":2,"32":2,"33":3,"34":3,"35":3},"branchMap":{"0":{"type":"branch","line":8,"loc":{"start":{"line":8,"column":0},"end":{"line":36,"column":1}},"locations":[{"start":{"line":8,"column":0},"end":{"line":36,"column":1}}]},"1":{"type":"branch","line":18,"loc":{"start":{"line":18,"column":2},"end":{"line":34,"column":4}},"locations":[{"start":{"line":18,"column":2},"end":{"line":34,"column":4}}]},"2":{"type":"branch","line":20,"loc":{"start":{"line":20,"column":52},"end":{"line":20,"column":66}},"locations":[{"start":{"line":20,"column":52},"end":{"line":20,"column":66}}]},"3":{"type":"branch","line":20,"loc":{"start":{"line":20,"column":66},"end":{"line":31,"column":12}},"locations":[{"start":{"line":20,"column":66},"end":{"line":31,"column":12}}]},"4":{"type":"branch","line":31,"loc":{"start":{"line":31,"column":3},"end":{"line":33,"column":4}},"locations":[{"start":{"line":31,"column":3},"end":{"line":33,"column":4}}]}},"b":{"0":[3],"1":[3],"2":[0],"3":[1],"4":[2]},"fnMap":{"0":{"name":"addListAllComponentsTool","decl":{"start":{"line":8,"column":0},"end":{"line":36,"column":1}},"loc":{"start":{"line":8,"column":0},"end":{"line":36,"column":1}},"line":8}},"f":{"0":3}}
,"/home/runner/work/mcp/mcp/packages/mcp/src/utils/dedent.ts": {"path":"/home/runner/work/mcp/mcp/packages/mcp/src/utils/dedent.ts","all":false,"statementMap":{"2":{"start":{"line":3,"column":0},"end":{"line":3,"column":23}},"3":{"start":{"line":4,"column":0},"end":{"line":4,"column":38}},"4":{"start":{"line":5,"column":0},"end":{"line":5,"column":21}},"5":{"start":{"line":6,"column":0},"end":{"line":6,"column":11}},"6":{"start":{"line":7,"column":0},"end":{"line":7,"column":71}},"9":{"start":{"line":10,"column":0},"end":{"line":10,"column":67}},"10":{"start":{"line":11,"column":0},"end":{"line":11,"column":19}},"11":{"start":{"line":12,"column":0},"end":{"line":12,"column":5}},"12":{"start":{"line":13,"column":0},"end":{"line":13,"column":3}},"15":{"start":{"line":16,"column":0},"end":{"line":16,"column":53}},"16":{"start":{"line":17,"column":0},"end":{"line":17,"column":51}},"17":{"start":{"line":18,"column":0},"end":{"line":18,"column":16}},"18":{"start":{"line":19,"column":0},"end":{"line":19,"column":21}},"19":{"start":{"line":20,"column":0},"end":{"line":20,"column":63}},"20":{"start":{"line":21,"column":0},"end":{"line":21,"column":5}},"21":{"start":{"line":22,"column":0},"end":{"line":22,"column":3}},"22":{"start":{"line":23,"column":0},"end":{"line":23,"column":13}},"23":{"start":{"line":24,"column":0},"end":{"line":24,"column":20}},"26":{"start":{"line":27,"column":0},"end":{"line":27,"column":28}},"27":{"start":{"line":28,"column":0},"end":{"line":28,"column":76}},"29":{"start":{"line":30,"column":0},"end":{"line":30,"column":61}},"30":{"start":{"line":31,"column":0},"end":{"line":31,"column":2}},"33":{"start":{"line":34,"column":0},"end":{"line":34,"column":47}},"36":{"start":{"line":37,"column":0},"end":{"line":37,"column":25}},"38":{"start":{"line":39,"column":0},"end":{"line":39,"column":31}},"40":{"start":{"line":41,"column":0},"end":{"line":41,"column":53}},"41":{"start":{"line":42,"column":0},"end":{"line":42,"column":58}},"42":{"start":{"line":43,"column":0},"end":{"line":43,"column":28}},"44":{"start":{"line":45,"column":0},"end":{"line":45,"column":58}},"45":{"start":{"line":46,"column":0},"end":{"line":46,"column":32}},"46":{"start":{"line":47,"column":0},"end":{"line":47,"column":16}},"47":{"start":{"line":48,"column":0},"end":{"line":48,"column":22}},"48":{"start":{"line":49,"column":0},"end":{"line":49,"column":51}},"49":{"start":{"line":50,"column":0},"end":{"line":50,"column":6}},"50":{"start":{"line":51,"column":0},"end":{"line":51,"column":16}},"51":{"start":{"line":52,"column":0},"end":{"line":52,"column":3}},"53":{"start":{"line":54,"column":0},"end":{"line":54,"column":43}},"54":{"start":{"line":55,"column":0},"end":{"line":55,"column":4}},"56":{"start":{"line":57,"column":0},"end":{"line":57,"column":15}},"57":{"start":{"line":58,"column":0},"end":{"line":58,"column":1}}},"s":{"2":1,"3":152,"4":152,"5":152,"6":152,"9":152,"10":152,"11":152,"12":152,"15":152,"16":346,"17":346,"18":242,"19":242,"20":242,"21":242,"22":104,"23":152,"26":152,"27":152,"29":152,"30":152,"33":152,"36":152,"38":152,"40":194,"41":194,"42":194,"44":194,"45":30,"46":30,"47":30,"48":178,"49":30,"50":30,"51":30,"53":194,"54":152,"56":152,"57":152},"branchMap":{"0":{"type":"branch","line":3,"loc":{"start":{"line":3,"column":7},"end":{"line":58,"column":1}},"locations":[{"start":{"line":3,"column":7},"end":{"line":58,"column":1}}]},"1":{"type":"branch","line":7,"loc":{"start":{"line":7,"column":43},"end":{"line":7,"column":64}},"locations":[{"start":{"line":7,"column":43},"end":{"line":7,"column":64}}]},"2":{"type":"branch","line":16,"loc":{"start":{"line":16,"column":38},"end":{"line":24,"column":4}},"locations":[{"start":{"line":16,"column":38},"end":{"line":24,"column":4}}]},"3":{"type":"branch","line":18,"loc":{"start":{"line":18,"column":15},"end":{"line":22,"column":3}},"locations":[{"start":{"line":18,"column":15},"end":{"line":22,"column":3}}]},"4":{"type":"branch","line":22,"loc":{"start":{"line":22,"column":2},"end":{"line":23,"column":13}},"locations":[{"start":{"line":22,"column":2},"end":{"line":23,"column":13}}]},"5":{"type":"branch","line":20,"loc":{"start":{"line":20,"column":16},"end":{"line":20,"column":61}},"locations":[{"start":{"line":20,"column":16},"end":{"line":20,"column":61}}]},"6":{"type":"branch","line":20,"loc":{"start":{"line":20,"column":50},"end":{"line":20,"column":61}},"locations":[{"start":{"line":20,"column":50},"end":{"line":20,"column":61}}]},"7":{"type":"branch","line":30,"loc":{"start":{"line":30,"column":24},"end":{"line":30,"column":59}},"locations":[{"start":{"line":30,"column":24},"end":{"line":30,"column":59}}]},"8":{"type":"branch","line":39,"loc":{"start":{"line":39,"column":16},"end":{"line":55,"column":2}},"locations":[{"start":{"line":39,"column":16},"end":{"line":55,"column":2}}]},"9":{"type":"branch","line":42,"loc":{"start":{"line":42,"column":22},"end":{"line":42,"column":55}},"locations":[{"start":{"line":42,"column":22},"end":{"line":42,"column":55}}]},"10":{"type":"branch","line":42,"loc":{"start":{"line":42,"column":51},"end":{"line":42,"column":58}},"locations":[{"start":{"line":42,"column":51},"end":{"line":42,"column":58}}]},"11":{"type":"branch","line":45,"loc":{"start":{"line":45,"column":57},"end":{"line":52,"column":3}},"locations":[{"start":{"line":45,"column":57},"end":{"line":52,"column":3}}]},"12":{"type":"branch","line":48,"loc":{"start":{"line":48,"column":9},"end":{"line":50,"column":5}},"locations":[{"start":{"line":48,"column":9},"end":{"line":50,"column":5}}]},"13":{"type":"branch","line":49,"loc":{"start":{"line":49,"column":18},"end":{"line":49,"column":28}},"locations":[{"start":{"line":49,"column":18},"end":{"line":49,"column":28}}]},"14":{"type":"branch","line":49,"loc":{"start":{"line":49,"column":22},"end":{"line":49,"column":51}},"locations":[{"start":{"line":49,"column":22},"end":{"line":49,"column":51}}]}},"b":{"0":[152],"1":[0],"2":[346],"3":[242],"4":[104],"5":[273],"6":[0],"7":[346],"8":[194],"9":[79],"10":[115],"11":[30],"12":[178],"13":[30],"14":[148]},"fnMap":{"0":{"name":"dedent","decl":{"start":{"line":3,"column":7},"end":{"line":58,"column":1}},"loc":{"start":{"line":3,"column":7},"end":{"line":58,"column":1}},"line":3}},"f":{"0":152}}
,"/home/runner/work/mcp/mcp/packages/mcp/src/utils/fetch-manifest.ts": {"path":"/home/runner/work/mcp/mcp/packages/mcp/src/utils/fetch-manifest.ts","all":false,"statementMap":{"0":{"start":{"line":1,"column":0},"end":{"line":1,"column":51}},"1":{"start":{"line":2,"column":0},"end":{"line":2,"column":29}},"6":{"start":{"line":7,"column":0},"end":{"line":7,"column":47}},"7":{"start":{"line":8,"column":0},"end":{"line":8,"column":29}},"8":{"start":{"line":9,"column":0},"end":{"line":9,"column":31}},"10":{"start":{"line":11,"column":0},"end":{"line":11,"column":60}},"11":{"start":{"line":12,"column":0},"end":{"line":12,"column":17}},"12":{"start":{"line":13,"column":0},"end":{"line":13,"column":35}},"13":{"start":{"line":14,"column":0},"end":{"line":14,"column":45}},"14":{"start":{"line":15,"column":0},"end":{"line":15,"column":21}},"15":{"start":{"line":16,"column":0},"end":{"line":16,"column":2}},"16":{"start":{"line":17,"column":0},"end":{"line":17,"column":1}},"32":{"start":{"line":33,"column":0},"end":{"line":33,"column":70}},"33":{"start":{"line":34,"column":0},"end":{"line":34,"column":20}},"34":{"start":{"line":35,"column":0},"end":{"line":35,"column":37}},"35":{"start":{"line":36,"column":0},"end":{"line":36,"column":30}},"36":{"start":{"line":37,"column":0},"end":{"line":37,"column":24}},"37":{"start":{"line":38,"column":0},"end":{"line":38,"column":77}},"40":{"start":{"line":41,"column":0},"end":{"line":41,"column":53}},"41":{"start":{"line":42,"column":0},"end":{"line":42,"column":58}},"42":{"start":{"line":43,"column":0},"end":{"line":43,"column":22}},"43":{"start":{"line":44,"column":0},"end":{"line":44,"column":76}},"44":{"start":{"line":45,"column":0},"end":{"line":45,"column":48}},"45":{"start":{"line":46,"column":0},"end":{"line":46,"column":2}},"47":{"start":{"line":48,"column":0},"end":{"line":48,"column":9}},"48":{"start":{"line":49,"column":0},"end":{"line":49,"column":12}},"49":{"start":{"line":50,"column":0},"end":{"line":50,"column":4}},"50":{"start":{"line":51,"column":0},"end":{"line":51,"column":17}},"51":{"start":{"line":52,"column":0},"end":{"line":52,"column":22}},"52":{"start":{"line":53,"column":0},"end":{"line":53,"column":5}},"53":{"start":{"line":54,"column":0},"end":{"line":54,"column":4}},"54":{"start":{"line":55,"column":0},"end":{"line":55,"column":16}},"55":{"start":{"line":56,"column":0},"end":{"line":56,"column":3}},"56":{"start":{"line":57,"column":0},"end":{"line":57,"column":2}},"65":{"start":{"line":66,"column":0},"end":{"line":66,"column":36}},"66":{"start":{"line":67,"column":0},"end":{"line":67,"column":14}},"67":{"start":{"line":68,"column":0},"end":{"line":68,"column":34}},"68":{"start":{"line":69,"column":0},"end":{"line":69,"column":6}},"69":{"start":{"line":70,"column":0},"end":{"line":70,"column":13}},"70":{"start":{"line":71,"column":0},"end":{"line":71,"column":32}},"71":{"start":{"line":72,"column":0},"end":{"line":72,"column":118}},"72":{"start":{"line":73,"column":0},"end":{"line":73,"column":5}},"73":{"start":{"line":74,"column":0},"end":{"line":74,"column":3}},"75":{"start":{"line":76,"column":0},"end":{"line":76,"column":36}},"77":{"start":{"line":78,"column":0},"end":{"line":78,"column":21}},"78":{"start":{"line":79,"column":0},"end":{"line":79,"column":32}},"79":{"start":{"line":80,"column":0},"end":{"line":80,"column":74}},"80":{"start":{"line":81,"column":0},"end":{"line":81,"column":8}},"81":{"start":{"line":82,"column":0},"end":{"line":82,"column":5}},"82":{"start":{"line":83,"column":0},"end":{"line":83,"column":3}},"84":{"start":{"line":85,"column":0},"end":{"line":85,"column":59}},"85":{"start":{"line":86,"column":0},"end":{"line":86,"column":51}},"86":{"start":{"line":87,"column":0},"end":{"line":87,"column":32}},"87":{"start":{"line":88,"column":0},"end":{"line":88,"column":74}},"88":{"start":{"line":89,"column":0},"end":{"line":89,"column":8}},"89":{"start":{"line":90,"column":0},"end":{"line":90,"column":5}},"90":{"start":{"line":91,"column":0},"end":{"line":91,"column":3}},"92":{"start":{"line":93,"column":0},"end":{"line":93,"column":46}},"93":{"start":{"line":94,"column":0},"end":{"line":94,"column":55}},"95":{"start":{"line":96,"column":0},"end":{"line":96,"column":54}},"96":{"start":{"line":97,"column":0},"end":{"line":97,"column":76}},"97":{"start":{"line":98,"column":0},"end":{"line":98,"column":3}},"99":{"start":{"line":100,"column":0},"end":{"line":100,"column":18}},"100":{"start":{"line":101,"column":0},"end":{"line":101,"column":18}},"101":{"start":{"line":102,"column":0},"end":{"line":102,"column":44}},"102":{"start":{"line":103,"column":0},"end":{"line":103,"column":15}},"103":{"start":{"line":104,"column":0},"end":{"line":104,"column":3}},"106":{"start":{"line":107,"column":0},"end":{"line":107,"column":31}},"107":{"start":{"line":108,"column":0},"end":{"line":108,"column":89}},"108":{"start":{"line":109,"column":0},"end":{"line":109,"column":7}},"109":{"start":{"line":110,"column":0},"end":{"line":110,"column":46}},"110":{"start":{"line":111,"column":0},"end":{"line":111,"column":4}},"111":{"start":{"line":112,"column":0},"end":{"line":112,"column":2}},"112":{"start":{"line":113,"column":0},"end":{"line":113,"column":1}}},"s":{"0":1,"1":1,"6":1,"7":21,"8":21,"10":21,"11":21,"12":21,"13":21,"14":21,"15":21,"16":21,"32":1,"33":7,"34":7,"35":5,"36":2,"37":7,"40":7,"41":7,"42":1,"43":1,"44":1,"45":1,"47":7,"48":7,"49":7,"50":7,"51":7,"52":7,"53":7,"54":7,"55":7,"56":7,"65":17,"66":17,"67":17,"68":17,"69":17,"70":3,"71":3,"72":3,"73":3,"75":14,"77":17,"78":4,"79":4,"80":4,"81":4,"82":4,"84":8,"85":17,"86":2,"87":2,"88":2,"89":2,"90":2,"92":6,"93":4,"95":17,"96":2,"97":2,"99":1,"100":17,"101":16,"102":11,"103":11,"106":5,"107":16,"108":16,"109":16,"110":16,"111":16,"112":17},"branchMap":{"0":{"type":"branch","line":7,"loc":{"start":{"line":7,"column":7},"end":{"line":17,"column":1}},"locations":[{"start":{"line":7,"column":7},"end":{"line":17,"column":1}}]},"1":{"type":"branch","line":11,"loc":{"start":{"line":11,"column":1},"end":{"line":16,"column":2}},"locations":[{"start":{"line":11,"column":1},"end":{"line":16,"column":2}}]},"2":{"type":"branch","line":14,"loc":{"start":{"line":14,"column":13},"end":{"line":14,"column":45}},"locations":[{"start":{"line":14,"column":13},"end":{"line":14,"column":45}}]},"3":{"type":"branch","line":33,"loc":{"start":{"line":33,"column":33},"end":{"line":57,"column":2}},"locations":[{"start":{"line":33,"column":33},"end":{"line":57,"column":2}}]},"4":{"type":"branch","line":35,"loc":{"start":{"line":35,"column":19},"end":{"line":36,"column":30}},"locations":[{"start":{"line":35,"column":19},"end":{"line":36,"column":30}}]},"5":{"type":"branch","line":36,"loc":{"start":{"line":36,"column":5},"end":{"line":37,"column":24}},"locations":[{"start":{"line":36,"column":5},"end":{"line":37,"column":24}}]},"6":{"type":"branch","line":38,"loc":{"start":{"line":38,"column":53},"end":{"line":38,"column":77}},"locations":[{"start":{"line":38,"column":53},"end":{"line":38,"column":77}}]},"7":{"type":"branch","line":42,"loc":{"start":{"line":42,"column":22},"end":{"line":42,"column":57}},"locations":[{"start":{"line":42,"column":22},"end":{"line":42,"column":57}}]},"8":{"type":"branch","line":42,"loc":{"start":{"line":42,"column":57},"end":{"line":46,"column":2}},"locations":[{"start":{"line":42,"column":57},"end":{"line":46,"column":2}}]},"9":{"type":"branch","line":44,"loc":{"start":{"line":44,"column":46},"end":{"line":44,"column":76}},"locations":[{"start":{"line":44,"column":46},"end":{"line":44,"column":76}}]},"10":{"type":"branch","line":66,"loc":{"start":{"line":66,"column":0},"end":{"line":113,"column":1}},"locations":[{"start":{"line":66,"column":0},"end":{"line":113,"column":1}}]},"11":{"type":"branch","line":70,"loc":{"start":{"line":70,"column":12},"end":{"line":74,"column":3}},"locations":[{"start":{"line":70,"column":12},"end":{"line":74,"column":3}}]},"12":{"type":"branch","line":74,"loc":{"start":{"line":74,"column":2},"end":{"line":76,"column":36}},"locations":[{"start":{"line":74,"column":2},"end":{"line":76,"column":36}}]},"13":{"type":"branch","line":76,"loc":{"start":{"line":76,"column":34},"end":{"line":78,"column":20}},"locations":[{"start":{"line":76,"column":34},"end":{"line":78,"column":20}}]},"14":{"type":"branch","line":78,"loc":{"start":{"line":78,"column":20},"end":{"line":83,"column":3}},"locations":[{"start":{"line":78,"column":20},"end":{"line":83,"column":3}}]},"15":{"type":"branch","line":83,"loc":{"start":{"line":83,"column":2},"end":{"line":86,"column":29}},"locations":[{"start":{"line":83,"column":2},"end":{"line":86,"column":29}}]},"16":{"type":"branch","line":86,"loc":{"start":{"line":86,"column":50},"end":{"line":91,"column":3}},"locations":[{"start":{"line":86,"column":50},"end":{"line":91,"column":3}}]},"17":{"type":"branch","line":91,"loc":{"start":{"line":91,"column":2},"end":{"line":93,"column":46}},"locations":[{"start":{"line":91,"column":2},"end":{"line":93,"column":46}}]},"18":{"type":"branch","line":93,"loc":{"start":{"line":93,"column":44},"end":{"line":96,"column":53}},"locations":[{"start":{"line":93,"column":44},"end":{"line":96,"column":53}}]},"19":{"type":"branch","line":96,"loc":{"start":{"line":96,"column":53},"end":{"line":98,"column":3}},"locations":[{"start":{"line":96,"column":53},"end":{"line":98,"column":3}}]},"20":{"type":"branch","line":98,"loc":{"start":{"line":98,"column":2},"end":{"line":101,"column":10}},"locations":[{"start":{"line":98,"column":2},"end":{"line":101,"column":10}}]},"21":{"type":"branch","line":101,"loc":{"start":{"line":101,"column":1},"end":{"line":112,"column":2}},"locations":[{"start":{"line":101,"column":1},"end":{"line":112,"column":2}}]},"22":{"type":"branch","line":102,"loc":{"start":{"line":102,"column":43},"end":{"line":104,"column":3}},"locations":[{"start":{"line":102,"column":43},"end":{"line":104,"column":3}}]},"23":{"type":"branch","line":104,"loc":{"start":{"line":104,"column":2},"end":{"line":108,"column":73}},"locations":[{"start":{"line":104,"column":2},"end":{"line":108,"column":73}}]},"24":{"type":"branch","line":108,"loc":{"start":{"line":108,"column":63},"end":{"line":108,"column":86}},"locations":[{"start":{"line":108,"column":63},"end":{"line":108,"column":86}}]},"25":{"type":"branch","line":110,"loc":{"start":{"line":110,"column":20},"end":{"line":110,"column":36}},"locations":[{"start":{"line":110,"column":20},"end":{"line":110,"column":36}}]},"26":{"type":"branch","line":110,"loc":{"start":{"line":110,"column":28},"end":{"line":110,"column":46}},"locations":[{"start":{"line":110,"column":28},"end":{"line":110,"column":46}}]}},"b":{"0":[21],"1":[21],"2":[4],"3":[7],"4":[5],"5":[2],"6":[0],"7":[5],"8":[1],"9":[0],"10":[17],"11":[3],"12":[14],"13":[12],"14":[4],"15":[8],"16":[2],"17":[6],"18":[4],"19":[2],"20":[1],"21":[16],"22":[11],"23":[5],"24":[0],"25":[5],"26":[0]},"fnMap":{"0":{"name":"<instance_members_initializer>","decl":{"start":{"line":7,"column":7},"end":{"line":17,"column":1}},"loc":{"start":{"line":7,"column":7},"end":{"line":17,"column":1}},"line":7},"1":{"name":"ManifestFetchError","decl":{"start":{"line":11,"column":1},"end":{"line":16,"column":2}},"loc":{"start":{"line":11,"column":1},"end":{"line":16,"column":2}},"line":11},"2":{"name":"errorToMCPContent","decl":{"start":{"line":33,"column":33},"end":{"line":57,"column":2}},"loc":{"start":{"line":33,"column":33},"end":{"line":57,"column":2}},"line":33},"3":{"name":"fetchManifest","decl":{"start":{"line":66,"column":0},"end":{"line":113,"column":1}},"loc":{"start":{"line":66,"column":0},"end":{"line":113,"column":1}},"line":66}},"f":{"0":21,"1":21,"2":7,"3":17}}
,"/home/runner/work/mcp/mcp/packages/mcp/src/utils/format-manifest.ts": {"path":"/home/runner/work/mcp/mcp/packages/mcp/src/utils/format-manifest.ts","all":false,"statementMap":{"1":{"start":{"line":2,"column":0},"end":{"line":2,"column":37}},"3":{"start":{"line":4,"column":0},"end":{"line":4,"column":40}},"4":{"start":{"line":5,"column":0},"end":{"line":5,"column":38}},"5":{"start":{"line":6,"column":0},"end":{"line":6,"column":11}},"6":{"start":{"line":7,"column":0},"end":{"line":7,"column":28}},"9":{"start":{"line":10,"column":0},"end":{"line":10,"column":30}},"10":{"start":{"line":11,"column":0},"end":{"line":11,"column":34}},"11":{"start":{"line":12,"column":0},"end":{"line":12,"column":43}},"14":{"start":{"line":15,"column":0},"end":{"line":15,"column":37}},"15":{"start":{"line":16,"column":0},"end":{"line":16,"column":33}},"16":{"start":{"line":17,"column":0},"end":{"line":17,"column":35}},"17":{"start":{"line":18,"column":0},"end":{"line":18,"column":20}},"18":{"start":{"line":19,"column":0},"end":{"line":19,"column":2}},"21":{"start":{"line":22,"column":0},"end":{"line":22,"column":75}},"22":{"start":{"line":23,"column":0},"end":{"line":23,"column":53}},"23":{"start":{"line":24,"column":0},"end":{"line":24,"column":37}},"26":{"start":{"line":27,"column":0},"end":{"line":27,"column":37}},"27":{"start":{"line":28,"column":0},"end":{"line":28,"column":85}},"29":{"start":{"line":30,"column":0},"end":{"line":30,"column":29}},"30":{"start":{"line":31,"column":0},"end":{"line":31,"column":50}},"31":{"start":{"line":32,"column":0},"end":{"line":32,"column":27}},"32":{"start":{"line":33,"column":0},"end":{"line":33,"column":30}},"33":{"start":{"line":34,"column":0},"end":{"line":34,"column":4}},"35":{"start":{"line":36,"column":0},"end":{"line":36,"column":39}},"36":{"start":{"line":37,"column":0},"end":{"line":37,"column":70}},"37":{"start":{"line":38,"column":0},"end":{"line":38,"column":25}},"38":{"start":{"line":39,"column":0},"end":{"line":39,"column":46}},"39":{"start":{"line":40,"column":0},"end":{"line":40,"column":4}},"40":{"start":{"line":41,"column":0},"end":{"line":41,"column":46}},"42":{"start":{"line":43,"column":0},"end":{"line":43,"column":17}},"44":{"start":{"line":45,"column":0},"end":{"line":45,"column":39}},"45":{"start":{"line":46,"column":0},"end":{"line":46,"column":3}},"46":{"start":{"line":47,"column":0},"end":{"line":47,"column":2}},"50":{"start":{"line":51,"column":0},"end":{"line":51,"column":28}},"52":{"start":{"line":53,"column":0},"end":{"line":53,"column":25}},"53":{"start":{"line":54,"column":0},"end":{"line":54,"column":1}},"55":{"start":{"line":56,"column":0},"end":{"line":56,"column":30}},"57":{"start":{"line":58,"column":0},"end":{"line":58,"column":49}},"58":{"start":{"line":59,"column":0},"end":{"line":59,"column":32}},"59":{"start":{"line":60,"column":0},"end":{"line":60,"column":11}},"60":{"start":{"line":61,"column":0},"end":{"line":61,"column":28}},"62":{"start":{"line":63,"column":0},"end":{"line":63,"column":28}},"64":{"start":{"line":65,"column":0},"end":{"line":65,"column":62}},"65":{"start":{"line":66,"column":0},"end":{"line":66,"column":31}},"66":{"start":{"line":67,"column":0},"end":{"line":67,"column":27}},"67":{"start":{"line":68,"column":0},"end":{"line":68,"column":36}},"69":{"start":{"line":70,"column":0},"end":{"line":70,"column":17}},"70":{"start":{"line":71,"column":0},"end":{"line":71,"column":23}},"71":{"start":{"line":72,"column":0},"end":{"line":72,"column":25}},"72":{"start":{"line":73,"column":0},"end":{"line":73,"column":55}},"73":{"start":{"line":74,"column":0},"end":{"line":74,"column":65}},"74":{"start":{"line":75,"column":0},"end":{"line":75,"column":28}},"75":{"start":{"line":76,"column":0},"end":{"line":76,"column":17}},"77":{"start":{"line":78,"column":0},"end":{"line":78,"column":16}},"78":{"start":{"line":79,"column":0},"end":{"line":79,"column":30}},"79":{"start":{"line":80,"column":0},"end":{"line":80,"column":14}},"80":{"start":{"line":81,"column":0},"end":{"line":81,"column":17}},"81":{"start":{"line":82,"column":0},"end":{"line":82,"column":3}},"83":{"start":{"line":84,"column":0},"end":{"line":84,"column":29}},"84":{"start":{"line":85,"column":0},"end":{"line":85,"column":2}},"86":{"start":{"line":87,"column":0},"end":{"line":87,"column":29}},"88":{"start":{"line":89,"column":0},"end":{"line":89,"column":25}},"89":{"start":{"line":90,"column":0},"end":{"line":90,"column":1}}},"s":{"1":1,"3":1,"4":22,"5":22,"6":22,"9":22,"10":22,"11":22,"14":22,"15":10,"16":10,"17":10,"18":10,"21":22,"22":16,"23":31,"26":31,"27":31,"29":31,"30":24,"31":24,"32":24,"33":24,"35":31,"36":31,"37":31,"38":21,"39":21,"40":31,"42":31,"44":31,"45":31,"46":16,"50":22,"52":22,"53":22,"55":1,"57":1,"58":11,"59":11,"60":11,"62":11,"64":11,"65":20,"66":20,"67":20,"69":20,"70":20,"71":12,"72":6,"73":1,"74":5,"75":6,"77":20,"78":14,"79":14,"80":14,"81":14,"83":20,"84":20,"86":11,"88":11,"89":11},"branchMap":{"0":{"type":"branch","line":4,"loc":{"start":{"line":4,"column":7},"end":{"line":54,"column":1}},"locations":[{"start":{"line":4,"column":7},"end":{"line":54,"column":1}}]},"1":{"type":"branch","line":15,"loc":{"start":{"line":15,"column":36},"end":{"line":19,"column":2}},"locations":[{"start":{"line":15,"column":36},"end":{"line":19,"column":2}}]},"2":{"type":"branch","line":22,"loc":{"start":{"line":22,"column":23},"end":{"line":22,"column":74}},"locations":[{"start":{"line":22,"column":23},"end":{"line":22,"column":74}}]},"3":{"type":"branch","line":22,"loc":{"start":{"line":22,"column":74},"end":{"line":47,"column":2}},"locations":[{"start":{"line":22,"column":74},"end":{"line":47,"column":2}}]},"4":{"type":"branch","line":23,"loc":{"start":{"line":23,"column":52},"end":{"line":46,"column":3}},"locations":[{"start":{"line":23,"column":52},"end":{"line":46,"column":3}}]},"5":{"type":"branch","line":30,"loc":{"start":{"line":30,"column":28},"end":{"line":34,"column":4}},"locations":[{"start":{"line":30,"column":28},"end":{"line":34,"column":4}}]},"6":{"type":"branch","line":37,"loc":{"start":{"line":37,"column":35},"end":{"line":37,"column":70}},"locations":[{"start":{"line":37,"column":35},"end":{"line":37,"column":70}}]},"7":{"type":"branch","line":38,"loc":{"start":{"line":38,"column":24},"end":{"line":40,"column":4}},"locations":[{"start":{"line":38,"column":24},"end":{"line":40,"column":4}}]},"8":{"type":"branch","line":58,"loc":{"start":{"line":58,"column":7},"end":{"line":90,"column":1}},"locations":[{"start":{"line":58,"column":7},"end":{"line":90,"column":1}}]},"9":{"type":"branch","line":65,"loc":{"start":{"line":65,"column":61},"end":{"line":85,"column":2}},"locations":[{"start":{"line":65,"column":61},"end":{"line":85,"column":2}}]},"10":{"type":"branch","line":71,"loc":{"start":{"line":71,"column":13},"end":{"line":76,"column":17}},"locations":[{"start":{"line":71,"column":13},"end":{"line":76,"column":17}}]},"11":{"type":"branch","line":72,"loc":{"start":{"line":72,"column":14},"end":{"line":75,"column":28}},"locations":[{"start":{"line":72,"column":14},"end":{"line":75,"column":28}}]},"12":{"type":"branch","line":73,"loc":{"start":{"line":73,"column":37},"end":{"line":74,"column":65}},"locations":[{"start":{"line":73,"column":37},"end":{"line":74,"column":65}}]},"13":{"type":"branch","line":74,"loc":{"start":{"line":74,"column":60},"end":{"line":75,"column":28}},"locations":[{"start":{"line":74,"column":60},"end":{"line":75,"column":28}}]},"14":{"type":"branch","line":75,"loc":{"start":{"line":75,"column":17},"end":{"line":76,"column":17}},"locations":[{"start":{"line":75,"column":17},"end":{"line":76,"column":17}}]},"15":{"type":"branch","line":78,"loc":{"start":{"line":78,"column":15},"end":{"line":82,"column":3}},"locations":[{"start":{"line":78,"column":15},"end":{"line":82,"column":3}}]}},"b":{"0":[22],"1":[10],"2":[17],"3":[16],"4":[31],"5":[24],"6":[15],"7":[21],"8":[11],"9":[20],"10":[12],"11":[6],"12":[1],"13":[5],"14":[6],"15":[14]},"fnMap":{"0":{"name":"formatComponentManifest","decl":{"start":{"line":4,"column":7},"end":{"line":54,"column":1}},"loc":{"start":{"line":4,"column":7},"end":{"line":54,"column":1}},"line":4},"1":{"name":"formatComponentManifestMapToList","decl":{"start":{"line":58,"column":7},"end":{"line":90,"column":1}},"loc":{"start":{"line":58,"column":7},"end":{"line":90,"column":1}},"line":58}},"f":{"0":22,"1":11}}
}
